<?xml version="1.0" encoding="UTF-8"?>
<!-- Generated by org.testng.reporters.JUnitReportReporter -->
<testsuite hostname="DESKTOP-NLBI4BA" failures="0" tests="1" name="com.task.AutomationTestCase14" time="47.273" errors="0" timestamp="2024-06-27T19:26:05 IST" skipped="0">
  <testcase classname="com.task.AutomationTestCase14" name="automateTest" time="47.273"/>
</testsuite> <!-- com.task.AutomationTestCase14 -->
